Arguments: 
  C:\Program Files\nodejs\node.exe C:\Program Files (x86)\Yarn\bin\yarn.js add @types/uuid -D

PATH: 
  C:\Python39\Scripts\;C:\Python39\;C:\Python27\;C:\Python27\Scripts;C:\windows\system32;C:\windows;C:\windows\System32\Wbem;C:\windows\System32\WindowsPowerShell\v1.0\;C:\windows\System32\OpenSSH\;C:\Program Files\Git\cmd;C:\ProgramData\chocolatey\bin;C:\Program Files (x86)\Yarn\bin\;C:\Program Files\Java\jdk1.8.0_211\bin;C:\Program Files\dotnet\;C:\Program Files\Microsoft SQL Server\130\Tools\Binn\;C:\Program Files\Microsoft SQL Server\Client SDK\ODBC\170\Tools\Binn\;C:\Users\simon\AppData\Roaming\npm;C:\Program Files\MongoDB\Server\4.4\bin;C:\Users\simon\AppData\Roaming\npm\node_modules\@angular\cli\bin;C:\Users\simon\AppData\Roaming\npm-cache;C:\Program Files\nodejs\;C:\Android\Sdk\emulator;C:\Android\Sdk\tools;C:\Android\Sdk\tools\bin;C:\Android\Sdk\platform-tools;C:\Program Files\Docker\Docker\resources\bin;C:\ProgramData\DockerDesktop\version-bin;C:\Program Files (x86)\Microsoft SQL Server\150\Tools\Binn\;C:\Program Files\Microsoft SQL Server\150\Tools\Binn\;C:\Program Files\Microsoft SQL Server\150\DTS\Binn\;C:\Program Files (x86)\Microsoft SQL Server\150\DTS\Binn\;C:\Program Files\Azure Data Studio\bin;C:\WINDOWS\system32;C:\WINDOWS;C:\WINDOWS\System32\Wbem;C:\WINDOWS\System32\WindowsPowerShell\v1.0\;C:\WINDOWS\System32\OpenSSH\;C:\xampp\php;C:\composer;C:\Users\simon\OneDrive\FIRJAN\Documentos\Estudos\Flutter\flutter\bin;C:\Users\simon\AppData\Local\Microsoft\WindowsApps;C:\Users\simon\AppData\Local\Programs\Microsoft VS Code\bin;C:\Users\simon\AppData\Local\Yarn\bin;C:\Users\simon\.dotnet\tools;C:\Users\simon\AppData\Roaming\npm;C:\Program Files\Azure Data Studio\bin;C:\Users\simon\AppData\Roaming\Composer\vendor\bin;C:\Python39\Scripts;;C:\Program Files\JetBrains\IntelliJ IDEA 2021.1.3\bin;

Yarn version: 
  1.22.5

Node version: 
  14.16.0

Platform: 
  win32 x64

Trace: 
  Error: EPERM: operation not permitted, unlink 'C:\Users\simon\OneDrive\FIRJAN\Documentos\Rocketseat\nlw6\node\node_modules\sqlite3\lib\binding\napi-v3-win32-x64\node_sqlite3.node'

npm manifest: 
  {
    "name": "nlwValoriza",
    "version": "1.0.0",
    "description": "",
    "main": "index.js",
    "scripts": {
      "test": "echo \"Error: no test specified\" && exit 1",
      "tsc": "tsc",
      "dev": "ts-node-dev src/server.ts",
      "typeorm": "ts-node-dev ./node_modules/typeorm/cli.js"
    },
    "keywords": [],
    "author": "Simone Lopes",
    "license": "ISC",
    "devDependencies": {
      "@types/express": "^4.17.13",
      "ts-node-dev": "^1.1.8",
      "typescript": "^4.4.3"
    },
    "dependencies": {
      "express": "^4.17.1",
      "reflect-metadata": "^0.1.13",
      "sqlite3": "^5.0.2",
      "tsc-init": "^2.1.0",
      "typeorm": "^0.2.37"
    }
  }

yarn manifest: 
  No manifest

Lockfile: 
  No lockfile
